TN:
SF:/home/fourbroad/notesabc/frontend/client/src/document.js
FN:17,create
FN:19,replace
FN:21,(anonymous_2)
FN:35,patch
FN:37,(anonymous_4)
FN:51,remove
FN:52,(anonymous_6)
FN:57,getACL
FN:58,(anonymous_8)
FN:63,replaceACL
FN:64,(anonymous_10)
FN:69,patchACL
FN:70,(anonymous_12)
FN:75,removePermissionSubject
FN:76,(anonymous_14)
FNF:15
FNH:7
FNDA:6,create
FNDA:4,replace
FNDA:4,(anonymous_2)
FNDA:4,patch
FNDA:4,(anonymous_4)
FNDA:2,remove
FNDA:2,(anonymous_6)
FNDA:0,getACL
FNDA:0,(anonymous_8)
FNDA:0,replaceACL
FNDA:0,(anonymous_10)
FNDA:0,patchACL
FNDA:0,(anonymous_12)
FNDA:0,removePermissionSubject
FNDA:0,(anonymous_14)
DA:14,1
DA:16,1
DA:18,6
DA:20,4
DA:21,4
DA:22,4
DA:24,4
DA:25,40
DA:26,12
DA:30,4
DA:31,4
DA:36,4
DA:37,4
DA:38,4
DA:40,4
DA:41,38
DA:42,10
DA:46,4
DA:47,4
DA:52,2
DA:53,2
DA:58,0
DA:59,0
DA:64,0
DA:65,0
DA:70,0
DA:71,0
DA:76,0
DA:77,0
DA:82,6
DA:84,6
LF:31
LH:23
BRDA:22,0,0,0
BRDA:22,0,1,4
BRDA:25,1,0,12
BRDA:25,1,1,28
BRDA:25,2,0,40
BRDA:25,2,1,40
BRDA:38,3,0,0
BRDA:38,3,1,4
BRDA:41,4,0,10
BRDA:41,4,1,28
BRDA:41,5,0,38
BRDA:41,5,1,38
BRF:12
BRH:10
end_of_record
TN:
SF:/home/fourbroad/notesabc/frontend/client/src/form.js
FN:17,create
FN:19,replace
FN:21,(anonymous_2)
FN:35,patch
FN:37,(anonymous_4)
FN:51,remove
FN:52,(anonymous_6)
FN:57,getACL
FN:58,(anonymous_8)
FN:63,replaceACL
FN:64,(anonymous_10)
FN:69,patchACL
FN:70,(anonymous_12)
FN:75,removePermissionSubject
FN:76,(anonymous_14)
FNF:15
FNH:0
FNDA:0,create
FNDA:0,replace
FNDA:0,(anonymous_2)
FNDA:0,patch
FNDA:0,(anonymous_4)
FNDA:0,remove
FNDA:0,(anonymous_6)
FNDA:0,getACL
FNDA:0,(anonymous_8)
FNDA:0,replaceACL
FNDA:0,(anonymous_10)
FNDA:0,patchACL
FNDA:0,(anonymous_12)
FNDA:0,removePermissionSubject
FNDA:0,(anonymous_14)
DA:14,1
DA:16,1
DA:18,0
DA:20,0
DA:21,0
DA:22,0
DA:24,0
DA:25,0
DA:26,0
DA:30,0
DA:31,0
DA:36,0
DA:37,0
DA:38,0
DA:40,0
DA:41,0
DA:42,0
DA:46,0
DA:47,0
DA:52,0
DA:53,0
DA:58,0
DA:59,0
DA:64,0
DA:65,0
DA:70,0
DA:71,0
DA:76,0
DA:77,0
DA:82,0
DA:84,0
LF:31
LH:2
BRDA:22,0,0,0
BRDA:22,0,1,0
BRDA:25,1,0,0
BRDA:25,1,1,0
BRDA:25,2,0,0
BRDA:25,2,1,0
BRDA:38,3,0,0
BRDA:38,3,1,0
BRDA:41,4,0,0
BRDA:41,4,1,0
BRDA:41,5,0,0
BRDA:41,5,1,0
BRF:12
BRH:0
end_of_record
TN:
SF:/home/fourbroad/notesabc/frontend/client/src/collection.js
FN:20,create
FN:22,createDocument
FN:38,(anonymous_2)
FN:43,getDocument
FN:45,(anonymous_4)
FN:50,replace
FN:53,(anonymous_6)
FN:67,patch
FN:70,(anonymous_8)
FN:85,remove
FN:86,(anonymous_10)
FN:91,getACL
FN:92,(anonymous_12)
FN:97,replaceACL
FN:98,(anonymous_14)
FN:103,patchACL
FN:104,(anonymous_16)
FN:109,removePermissionSubject
FN:110,(anonymous_18)
FN:115,findDocuments
FN:117,(anonymous_20)
FN:120,(anonymous_21)
FN:128,findForms
FN:130,(anonymous_23)
FN:132,(anonymous_24)
FN:139,refresh
FN:140,(anonymous_26)
FNF:27
FNH:11
FNDA:6,create
FNDA:4,createDocument
FNDA:4,(anonymous_2)
FNDA:2,getDocument
FNDA:2,(anonymous_4)
FNDA:4,replace
FNDA:4,(anonymous_6)
FNDA:4,patch
FNDA:4,(anonymous_8)
FNDA:4,remove
FNDA:4,(anonymous_10)
FNDA:0,getACL
FNDA:0,(anonymous_12)
FNDA:0,replaceACL
FNDA:0,(anonymous_14)
FNDA:0,patchACL
FNDA:0,(anonymous_16)
FNDA:0,removePermissionSubject
FNDA:0,(anonymous_18)
FNDA:0,findDocuments
FNDA:0,(anonymous_20)
FNDA:0,(anonymous_21)
FNDA:0,findForms
FNDA:0,(anonymous_23)
FNDA:0,(anonymous_24)
FNDA:0,refresh
FNDA:0,(anonymous_26)
DA:17,1
DA:19,1
DA:21,6
DA:23,4
DA:26,4
DA:27,0
DA:28,0
DA:29,0
DA:30,4
DA:31,4
DA:32,4
DA:33,4
DA:35,0
DA:38,4
DA:39,4
DA:44,2
DA:45,2
DA:46,2
DA:51,4
DA:52,4
DA:53,4
DA:54,4
DA:56,4
DA:57,62
DA:58,14
DA:62,4
DA:63,4
DA:68,4
DA:69,4
DA:70,4
DA:71,4
DA:73,4
DA:74,59
DA:75,11
DA:79,4
DA:81,4
DA:86,4
DA:87,4
DA:92,0
DA:93,0
DA:98,0
DA:99,0
DA:104,0
DA:105,0
DA:110,0
DA:111,0
DA:116,0
DA:117,0
DA:118,0
DA:120,0
DA:121,0
DA:124,0
DA:129,0
DA:130,0
DA:131,0
DA:132,0
DA:133,0
DA:135,0
DA:140,0
DA:141,0
DA:146,6
DA:148,6
LF:62
LH:36
BRDA:26,0,0,0
BRDA:26,0,1,4
BRDA:26,1,0,4
BRDA:26,1,1,0
BRDA:30,2,0,4
BRDA:30,2,1,0
BRDA:30,3,0,4
BRDA:30,3,1,4
BRDA:39,4,0,0
BRDA:39,4,1,4
BRDA:46,5,0,0
BRDA:46,5,1,2
BRDA:54,6,0,0
BRDA:54,6,1,4
BRDA:57,7,0,14
BRDA:57,7,1,48
BRDA:57,8,0,62
BRDA:57,8,1,62
BRDA:71,9,0,0
BRDA:71,9,1,4
BRDA:74,10,0,11
BRDA:74,10,1,48
BRDA:74,11,0,59
BRDA:74,11,1,59
BRDA:118,12,0,0
BRDA:118,12,1,0
BRDA:131,13,0,0
BRDA:131,13,1,0
BRF:28
BRH:17
end_of_record
TN:
SF:/home/fourbroad/notesabc/frontend/client/src/view.js
FN:18,create
FN:20,replace
FN:22,(anonymous_2)
FN:36,patch
FN:38,(anonymous_4)
FN:52,remove
FN:53,(anonymous_6)
FN:58,getACL
FN:59,(anonymous_8)
FN:64,replaceACL
FN:65,(anonymous_10)
FN:70,patchACL
FN:71,(anonymous_12)
FN:76,removePermissionSubject
FN:77,(anonymous_14)
FN:82,findDocuments
FN:84,(anonymous_16)
FN:87,(anonymous_17)
FN:95,refresh
FN:96,(anonymous_19)
FNF:20
FNH:0
FNDA:0,create
FNDA:0,replace
FNDA:0,(anonymous_2)
FNDA:0,patch
FNDA:0,(anonymous_4)
FNDA:0,remove
FNDA:0,(anonymous_6)
FNDA:0,getACL
FNDA:0,(anonymous_8)
FNDA:0,replaceACL
FNDA:0,(anonymous_10)
FNDA:0,patchACL
FNDA:0,(anonymous_12)
FNDA:0,removePermissionSubject
FNDA:0,(anonymous_14)
FNDA:0,findDocuments
FNDA:0,(anonymous_16)
FNDA:0,(anonymous_17)
FNDA:0,refresh
FNDA:0,(anonymous_19)
DA:15,1
DA:17,1
DA:19,0
DA:21,0
DA:22,0
DA:23,0
DA:25,0
DA:26,0
DA:27,0
DA:31,0
DA:32,0
DA:37,0
DA:38,0
DA:39,0
DA:41,0
DA:42,0
DA:43,0
DA:47,0
DA:48,0
DA:53,0
DA:54,0
DA:59,0
DA:60,0
DA:65,0
DA:66,0
DA:71,0
DA:72,0
DA:77,0
DA:78,0
DA:83,0
DA:84,0
DA:85,0
DA:87,0
DA:88,0
DA:91,0
DA:96,0
DA:97,0
DA:102,0
DA:104,0
LF:39
LH:2
BRDA:23,0,0,0
BRDA:23,0,1,0
BRDA:26,1,0,0
BRDA:26,1,1,0
BRDA:26,2,0,0
BRDA:26,2,1,0
BRDA:39,3,0,0
BRDA:39,3,1,0
BRDA:42,4,0,0
BRDA:42,4,1,0
BRDA:42,5,0,0
BRDA:42,5,1,0
BRDA:85,6,0,0
BRDA:85,6,1,0
BRF:14
BRH:0
end_of_record
TN:
SF:/home/fourbroad/notesabc/frontend/client/src/profile.js
FN:17,create
FN:19,replace
FN:21,(anonymous_2)
FN:35,patch
FN:37,(anonymous_4)
FN:51,remove
FN:52,(anonymous_6)
FN:57,getACL
FN:58,(anonymous_8)
FN:63,replaceACL
FN:64,(anonymous_10)
FN:69,patchACL
FN:70,(anonymous_12)
FN:75,removePermissionSubject
FN:76,(anonymous_14)
FNF:15
FNH:0
FNDA:0,create
FNDA:0,replace
FNDA:0,(anonymous_2)
FNDA:0,patch
FNDA:0,(anonymous_4)
FNDA:0,remove
FNDA:0,(anonymous_6)
FNDA:0,getACL
FNDA:0,(anonymous_8)
FNDA:0,replaceACL
FNDA:0,(anonymous_10)
FNDA:0,patchACL
FNDA:0,(anonymous_12)
FNDA:0,removePermissionSubject
FNDA:0,(anonymous_14)
DA:14,1
DA:16,1
DA:18,0
DA:20,0
DA:21,0
DA:22,0
DA:24,0
DA:25,0
DA:26,0
DA:30,0
DA:31,0
DA:36,0
DA:37,0
DA:38,0
DA:40,0
DA:41,0
DA:42,0
DA:46,0
DA:47,0
DA:52,0
DA:53,0
DA:58,0
DA:59,0
DA:64,0
DA:65,0
DA:70,0
DA:71,0
DA:76,0
DA:77,0
DA:82,0
DA:84,0
LF:31
LH:2
BRDA:22,0,0,0
BRDA:22,0,1,0
BRDA:25,1,0,0
BRDA:25,1,1,0
BRDA:25,2,0,0
BRDA:25,2,1,0
BRDA:38,3,0,0
BRDA:38,3,1,0
BRDA:41,4,0,0
BRDA:41,4,1,0
BRDA:41,5,0,0
BRDA:41,5,1,0
BRF:12
BRH:0
end_of_record
TN:
SF:/home/fourbroad/notesabc/frontend/client/src/role.js
FN:17,create
FN:19,replace
FN:21,(anonymous_2)
FN:35,patch
FN:37,(anonymous_4)
FN:51,remove
FN:52,(anonymous_6)
FN:57,getACL
FN:58,(anonymous_8)
FN:63,replaceACL
FN:64,(anonymous_10)
FN:69,patchACL
FN:70,(anonymous_12)
FN:75,removePermissionSubject
FN:76,(anonymous_14)
FNF:15
FNH:0
FNDA:0,create
FNDA:0,replace
FNDA:0,(anonymous_2)
FNDA:0,patch
FNDA:0,(anonymous_4)
FNDA:0,remove
FNDA:0,(anonymous_6)
FNDA:0,getACL
FNDA:0,(anonymous_8)
FNDA:0,replaceACL
FNDA:0,(anonymous_10)
FNDA:0,patchACL
FNDA:0,(anonymous_12)
FNDA:0,removePermissionSubject
FNDA:0,(anonymous_14)
DA:14,1
DA:16,1
DA:18,0
DA:20,0
DA:21,0
DA:22,0
DA:24,0
DA:25,0
DA:26,0
DA:30,0
DA:31,0
DA:36,0
DA:37,0
DA:38,0
DA:40,0
DA:41,0
DA:42,0
DA:46,0
DA:47,0
DA:52,0
DA:53,0
DA:58,0
DA:59,0
DA:64,0
DA:65,0
DA:70,0
DA:71,0
DA:76,0
DA:77,0
DA:82,0
DA:84,0
LF:31
LH:2
BRDA:22,0,0,0
BRDA:22,0,1,0
BRDA:25,1,0,0
BRDA:25,1,1,0
BRDA:25,2,0,0
BRDA:25,2,1,0
BRDA:38,3,0,0
BRDA:38,3,1,0
BRDA:41,4,0,0
BRDA:41,4,1,0
BRDA:41,5,0,0
BRDA:41,5,1,0
BRF:12
BRH:0
end_of_record
TN:
SF:/home/fourbroad/notesabc/frontend/client/src/user.js
FN:17,create
FN:19,isAnonymous
FN:23,replace
FN:25,(anonymous_3)
FN:39,patch
FN:41,(anonymous_5)
FN:55,remove
FN:56,(anonymous_7)
FN:61,resetPassword
FN:62,(anonymous_9)
FN:67,getACL
FN:68,(anonymous_11)
FN:73,replaceACL
FN:74,(anonymous_13)
FN:79,patchACL
FN:80,(anonymous_15)
FN:85,removePermissionSubject
FN:86,(anonymous_17)
FNF:18
FNH:9
FNDA:11,create
FNDA:0,isAnonymous
FNDA:2,replace
FNDA:2,(anonymous_3)
FNDA:2,patch
FNDA:2,(anonymous_5)
FNDA:2,remove
FNDA:2,(anonymous_7)
FNDA:1,resetPassword
FNDA:1,(anonymous_9)
FNDA:0,getACL
FNDA:0,(anonymous_11)
FNDA:0,replaceACL
FNDA:0,(anonymous_13)
FNDA:0,patchACL
FNDA:0,(anonymous_15)
FNDA:0,removePermissionSubject
FNDA:0,(anonymous_17)
DA:14,1
DA:16,1
DA:18,11
DA:20,0
DA:24,2
DA:25,2
DA:26,2
DA:28,2
DA:29,24
DA:30,6
DA:34,2
DA:35,2
DA:40,2
DA:41,2
DA:42,2
DA:44,2
DA:45,23
DA:46,5
DA:50,2
DA:51,2
DA:56,2
DA:57,2
DA:62,1
DA:63,1
DA:68,0
DA:69,0
DA:74,0
DA:75,0
DA:80,0
DA:81,0
DA:86,0
DA:87,0
DA:92,11
DA:94,11
LF:34
LH:25
BRDA:26,0,0,0
BRDA:26,0,1,2
BRDA:29,1,0,6
BRDA:29,1,1,18
BRDA:29,2,0,24
BRDA:29,2,1,24
BRDA:42,3,0,0
BRDA:42,3,1,2
BRDA:45,4,0,5
BRDA:45,4,1,18
BRDA:45,5,0,23
BRDA:45,5,1,23
BRF:12
BRH:10
end_of_record
TN:
SF:/home/fourbroad/notesabc/frontend/client/src/domain.js
FN:25,(anonymous_0)
FN:26,create
FN:30,(anonymous_2)
FN:35,(anonymous_3)
FN:37,createCollection
FN:53,(anonymous_5)
FN:58,getCollection
FN:60,(anonymous_7)
FN:65,findCollections
FN:67,(anonymous_9)
FN:69,(anonymous_10)
FN:77,getDocument
FN:79,(anonymous_12)
FN:111,createView
FN:127,(anonymous_14)
FN:132,getView
FN:134,(anonymous_16)
FN:139,findViews
FN:141,(anonymous_18)
FN:143,(anonymous_19)
FN:150,createForm
FN:166,(anonymous_21)
FN:171,getForm
FN:173,(anonymous_23)
FN:178,findForms
FN:180,(anonymous_25)
FN:182,(anonymous_26)
FN:189,createRole
FN:203,(anonymous_28)
FN:208,getRole
FN:210,(anonymous_30)
FN:215,findRoles
FN:217,(anonymous_32)
FN:219,(anonymous_33)
FN:227,createProfile
FN:241,(anonymous_35)
FN:246,getProfile
FN:248,(anonymous_37)
FN:253,findProfiles
FN:255,(anonymous_39)
FN:257,(anonymous_40)
FN:265,createUser
FN:266,(anonymous_42)
FN:271,getUser
FN:272,(anonymous_44)
FN:277,findUsers
FN:278,(anonymous_46)
FN:280,(anonymous_47)
FN:288,createDomain
FN:289,(anonymous_49)
FN:294,getDomain
FN:295,(anonymous_51)
FN:300,findDomains
FN:301,(anonymous_53)
FN:303,(anonymous_54)
FN:310,replace
FN:313,(anonymous_56)
FN:327,patch
FN:330,(anonymous_58)
FN:344,remove
FN:345,(anonymous_60)
FN:350,getACL
FN:351,(anonymous_62)
FN:356,replaceACL
FN:357,(anonymous_64)
FN:362,patchACL
FN:363,(anonymous_66)
FN:368,garbageCollection
FN:369,(anonymous_68)
FNF:69
FNH:15
FNDA:1,(anonymous_0)
FNDA:11,create
FNDA:0,(anonymous_2)
FNDA:11,(anonymous_3)
FNDA:4,createCollection
FNDA:4,(anonymous_5)
FNDA:2,getCollection
FNDA:2,(anonymous_7)
FNDA:0,findCollections
FNDA:0,(anonymous_9)
FNDA:0,(anonymous_10)
FNDA:0,getDocument
FNDA:0,(anonymous_12)
FNDA:0,createView
FNDA:0,(anonymous_14)
FNDA:0,getView
FNDA:0,(anonymous_16)
FNDA:0,findViews
FNDA:0,(anonymous_18)
FNDA:0,(anonymous_19)
FNDA:0,createForm
FNDA:0,(anonymous_21)
FNDA:0,getForm
FNDA:0,(anonymous_23)
FNDA:0,findForms
FNDA:0,(anonymous_25)
FNDA:0,(anonymous_26)
FNDA:0,createRole
FNDA:0,(anonymous_28)
FNDA:0,getRole
FNDA:0,(anonymous_30)
FNDA:0,findRoles
FNDA:0,(anonymous_32)
FNDA:0,(anonymous_33)
FNDA:0,createProfile
FNDA:0,(anonymous_35)
FNDA:0,getProfile
FNDA:0,(anonymous_37)
FNDA:0,findProfiles
FNDA:0,(anonymous_39)
FNDA:0,(anonymous_40)
FNDA:0,createUser
FNDA:0,(anonymous_42)
FNDA:0,getUser
FNDA:0,(anonymous_44)
FNDA:0,findUsers
FNDA:0,(anonymous_46)
FNDA:0,(anonymous_47)
FNDA:0,createDomain
FNDA:0,(anonymous_49)
FNDA:0,getDomain
FNDA:0,(anonymous_51)
FNDA:0,findDomains
FNDA:0,(anonymous_53)
FNDA:0,(anonymous_54)
FNDA:4,replace
FNDA:4,(anonymous_56)
FNDA:4,patch
FNDA:4,(anonymous_58)
FNDA:3,remove
FNDA:3,(anonymous_60)
FNDA:0,getACL
FNDA:0,(anonymous_62)
FNDA:0,replaceACL
FNDA:0,(anonymous_64)
FNDA:0,patchACL
FNDA:0,(anonymous_66)
FNDA:9,garbageCollection
FNDA:9,(anonymous_68)
DA:22,1
DA:24,1
DA:27,11
DA:30,1
DA:31,0
DA:34,1
DA:36,11
DA:38,4
DA:41,4
DA:42,0
DA:43,0
DA:44,0
DA:45,4
DA:46,4
DA:47,4
DA:48,4
DA:50,0
DA:53,4
DA:54,4
DA:59,2
DA:60,2
DA:61,2
DA:66,0
DA:67,0
DA:68,0
DA:69,0
DA:70,0
DA:73,0
DA:78,0
DA:79,0
DA:80,0
DA:82,0
DA:84,0
DA:85,0
DA:87,0
DA:88,0
DA:90,0
DA:91,0
DA:93,0
DA:94,0
DA:96,0
DA:97,0
DA:99,0
DA:100,0
DA:102,0
DA:103,0
DA:105,0
DA:106,0
DA:112,0
DA:115,0
DA:116,0
DA:117,0
DA:118,0
DA:119,0
DA:120,0
DA:121,0
DA:122,0
DA:124,0
DA:127,0
DA:128,0
DA:133,0
DA:134,0
DA:135,0
DA:140,0
DA:141,0
DA:142,0
DA:143,0
DA:144,0
DA:146,0
DA:151,0
DA:154,0
DA:155,0
DA:156,0
DA:157,0
DA:158,0
DA:159,0
DA:160,0
DA:161,0
DA:163,0
DA:166,0
DA:167,0
DA:172,0
DA:173,0
DA:174,0
DA:179,0
DA:180,0
DA:181,0
DA:182,0
DA:183,0
DA:185,0
DA:190,0
DA:191,0
DA:192,0
DA:193,0
DA:194,0
DA:195,0
DA:196,0
DA:197,0
DA:198,0
DA:200,0
DA:203,0
DA:204,0
DA:209,0
DA:210,0
DA:211,0
DA:216,0
DA:217,0
DA:218,0
DA:219,0
DA:220,0
DA:223,0
DA:228,0
DA:229,0
DA:230,0
DA:231,0
DA:232,0
DA:233,0
DA:234,0
DA:235,0
DA:236,0
DA:238,0
DA:241,0
DA:242,0
DA:247,0
DA:248,0
DA:249,0
DA:254,0
DA:255,0
DA:256,0
DA:257,0
DA:258,0
DA:261,0
DA:266,0
DA:267,0
DA:272,0
DA:273,0
DA:278,0
DA:279,0
DA:280,0
DA:281,0
DA:284,0
DA:289,0
DA:290,0
DA:295,0
DA:296,0
DA:301,0
DA:302,0
DA:303,0
DA:304,0
DA:306,0
DA:311,4
DA:312,4
DA:313,4
DA:314,4
DA:316,4
DA:317,126
DA:318,10
DA:322,4
DA:323,4
DA:328,4
DA:329,4
DA:330,4
DA:331,4
DA:333,4
DA:334,126
DA:335,10
DA:339,4
DA:340,4
DA:345,3
DA:346,3
DA:351,0
DA:352,0
DA:357,0
DA:358,0
DA:363,0
DA:364,0
DA:369,9
DA:370,9
DA:375,11
DA:377,11
LF:180
LH:41
BRDA:41,0,0,0
BRDA:41,0,1,4
BRDA:41,1,0,4
BRDA:41,1,1,0
BRDA:45,2,0,4
BRDA:45,2,1,0
BRDA:45,3,0,4
BRDA:45,3,1,4
BRDA:54,4,0,0
BRDA:54,4,1,4
BRDA:61,5,0,0
BRDA:61,5,1,2
BRDA:68,6,0,0
BRDA:68,6,1,0
BRDA:80,7,0,0
BRDA:80,7,1,0
BRDA:82,8,0,0
BRDA:82,8,1,0
BRDA:82,8,2,0
BRDA:82,8,3,0
BRDA:82,8,4,0
BRDA:82,8,5,0
BRDA:82,8,6,0
BRDA:82,8,7,0
BRDA:115,9,0,0
BRDA:115,9,1,0
BRDA:115,10,0,0
BRDA:115,10,1,0
BRDA:119,11,0,0
BRDA:119,11,1,0
BRDA:119,12,0,0
BRDA:119,12,1,0
BRDA:128,13,0,0
BRDA:128,13,1,0
BRDA:135,14,0,0
BRDA:135,14,1,0
BRDA:142,15,0,0
BRDA:142,15,1,0
BRDA:154,16,0,0
BRDA:154,16,1,0
BRDA:154,17,0,0
BRDA:154,17,1,0
BRDA:158,18,0,0
BRDA:158,18,1,0
BRDA:158,19,0,0
BRDA:158,19,1,0
BRDA:167,20,0,0
BRDA:167,20,1,0
BRDA:174,21,0,0
BRDA:174,21,1,0
BRDA:181,22,0,0
BRDA:181,22,1,0
BRDA:191,23,0,0
BRDA:191,23,1,0
BRDA:191,24,0,0
BRDA:191,24,1,0
BRDA:195,25,0,0
BRDA:195,25,1,0
BRDA:195,26,0,0
BRDA:195,26,1,0
BRDA:204,27,0,0
BRDA:204,27,1,0
BRDA:211,28,0,0
BRDA:211,28,1,0
BRDA:218,29,0,0
BRDA:218,29,1,0
BRDA:229,30,0,0
BRDA:229,30,1,0
BRDA:229,31,0,0
BRDA:229,31,1,0
BRDA:233,32,0,0
BRDA:233,32,1,0
BRDA:233,33,0,0
BRDA:233,33,1,0
BRDA:242,34,0,0
BRDA:242,34,1,0
BRDA:249,35,0,0
BRDA:249,35,1,0
BRDA:256,36,0,0
BRDA:256,36,1,0
BRDA:267,37,0,0
BRDA:267,37,1,0
BRDA:273,38,0,0
BRDA:273,38,1,0
BRDA:279,39,0,0
BRDA:279,39,1,0
BRDA:290,40,0,0
BRDA:290,40,1,0
BRDA:296,41,0,0
BRDA:296,41,1,0
BRDA:302,42,0,0
BRDA:302,42,1,0
BRDA:314,43,0,0
BRDA:314,43,1,4
BRDA:317,44,0,10
BRDA:317,44,1,116
BRDA:317,45,0,126
BRDA:317,45,1,126
BRDA:331,46,0,0
BRDA:331,46,1,4
BRDA:334,47,0,10
BRDA:334,47,1,116
BRDA:334,48,0,126
BRDA:334,48,1,126
BRF:104
BRH:17
end_of_record
TN:
SF:/home/fourbroad/notesabc/frontend/client/src/client.js
FN:22,_createClient
FN:24,getCurrentUser
FN:28,getToken
FN:32,registerUser
FN:36,createUser
FN:37,(anonymous_5)
FN:42,getUser
FN:43,(anonymous_7)
FN:48,logout
FN:49,(anonymous_9)
FN:55,joinDomain
FN:59,quitDomain
FN:63,createDomain
FN:64,(anonymous_13)
FN:69,getDomain
FN:70,(anonymous_15)
FN:75,disconnect
FN:83,login
FN:96,(anonymous_18)
FN:101,(anonymous_19)
FN:105,(anonymous_20)
FN:114,connect
FN:116,(anonymous_22)
FN:117,(anonymous_23)
FNF:24
FNH:17
FNDA:8,_createClient
FNDA:0,getCurrentUser
FNDA:0,getToken
FNDA:1,registerUser
FNDA:1,createUser
FNDA:1,(anonymous_5)
FNDA:2,getUser
FNDA:2,(anonymous_7)
FNDA:2,logout
FNDA:2,(anonymous_9)
FNDA:1,joinDomain
FNDA:0,quitDomain
FNDA:3,createDomain
FNDA:3,(anonymous_13)
FNDA:8,getDomain
FNDA:8,(anonymous_15)
FNDA:0,disconnect
FNDA:8,login
FNDA:8,(anonymous_18)
FNDA:8,(anonymous_19)
FNDA:8,(anonymous_20)
FNDA:0,connect
FNDA:0,(anonymous_22)
FNDA:0,(anonymous_23)
DA:18,1
DA:22,1
DA:23,8
DA:25,0
DA:29,0
DA:33,1
DA:37,1
DA:38,1
DA:43,2
DA:44,2
DA:49,2
DA:50,2
DA:51,2
DA:56,1
DA:60,0
DA:64,3
DA:65,3
DA:70,8
DA:71,8
DA:76,0
DA:80,8
DA:83,1
DA:85,8
DA:86,0
DA:87,8
DA:88,8
DA:89,8
DA:90,8
DA:92,0
DA:95,8
DA:96,8
DA:97,8
DA:98,0
DA:99,0
DA:101,8
DA:103,8
DA:104,8
DA:105,8
DA:106,8
DA:108,8
DA:114,1
DA:115,0
DA:116,0
DA:117,0
DA:118,0
LF:45
LH:33
BRDA:38,0,0,0
BRDA:38,0,1,1
BRDA:44,1,0,0
BRDA:44,1,1,2
BRDA:51,2,0,2
BRDA:51,2,1,0
BRDA:65,3,0,0
BRDA:65,3,1,3
BRDA:71,4,0,0
BRDA:71,4,1,8
BRDA:85,5,0,0
BRDA:85,5,1,8
BRDA:85,6,0,8
BRDA:85,6,1,0
BRDA:87,7,0,8
BRDA:87,7,1,0
BRDA:87,8,0,8
BRDA:87,8,1,8
BRDA:97,9,0,0
BRDA:97,9,1,8
BRDA:103,10,0,0
BRDA:103,10,1,8
BRDA:118,11,0,0
BRDA:118,11,1,0
BRF:24
BRH:12
end_of_record
