TN:
SF:/home/fourbroad/notesabc/frontend/client/src/document.js
FN:17,create
FN:19,getDomainId
FN:23,getCollectionId
FN:27,saveAs
FN:51,(anonymous_4)
FN:56,replace
FN:58,(anonymous_6)
FN:72,patch
FN:74,(anonymous_8)
FN:88,remove
FN:89,(anonymous_10)
FN:94,getACL
FN:95,(anonymous_12)
FN:100,replaceACL
FN:101,(anonymous_14)
FN:106,patchACL
FN:107,(anonymous_16)
FN:112,removePermissionSubject
FN:113,(anonymous_18)
FN:118,getFormId
FN:123,constructor
FNF:21
FNH:8
FNDA:6,create
FNDA:0,getDomainId
FNDA:0,getCollectionId
FNDA:0,saveAs
FNDA:0,(anonymous_4)
FNDA:4,replace
FNDA:4,(anonymous_6)
FNDA:4,patch
FNDA:4,(anonymous_8)
FNDA:2,remove
FNDA:2,(anonymous_10)
FNDA:0,getACL
FNDA:0,(anonymous_12)
FNDA:0,replaceACL
FNDA:0,(anonymous_14)
FNDA:0,patchACL
FNDA:0,(anonymous_16)
FNDA:0,removePermissionSubject
FNDA:0,(anonymous_18)
FNDA:0,getFormId
FNDA:6,constructor
DA:14,1
DA:16,1
DA:18,6
DA:20,0
DA:24,0
DA:30,0
DA:32,0
DA:33,0
DA:34,0
DA:35,0
DA:36,0
DA:37,0
DA:38,0
DA:39,0
DA:40,0
DA:41,0
DA:42,0
DA:43,0
DA:45,0
DA:48,0
DA:49,0
DA:51,0
DA:52,0
DA:57,4
DA:58,4
DA:59,4
DA:61,4
DA:62,56
DA:63,12
DA:67,4
DA:68,4
DA:73,4
DA:74,4
DA:75,4
DA:77,4
DA:78,54
DA:79,10
DA:83,4
DA:84,4
DA:89,2
DA:90,2
DA:95,0
DA:96,0
DA:101,0
DA:102,0
DA:107,0
DA:108,0
DA:113,0
DA:114,0
DA:119,0
DA:124,6
DA:125,6
LF:52
LH:23
BRDA:32,0,0,0
BRDA:32,0,1,0
BRDA:32,1,0,0
BRDA:32,1,1,0
BRDA:36,2,0,0
BRDA:36,2,1,0
BRDA:36,3,0,0
BRDA:36,3,1,0
BRDA:40,4,0,0
BRDA:40,4,1,0
BRDA:40,5,0,0
BRDA:40,5,1,0
BRDA:52,6,0,0
BRDA:52,6,1,0
BRDA:59,7,0,0
BRDA:59,7,1,4
BRDA:62,8,0,12
BRDA:62,8,1,44
BRDA:62,9,0,56
BRDA:62,9,1,12
BRDA:75,10,0,0
BRDA:75,10,1,4
BRDA:78,11,0,10
BRDA:78,11,1,44
BRDA:78,12,0,54
BRDA:78,12,1,10
BRF:26
BRH:10
end_of_record
TN:
SF:/home/fourbroad/notesabc/frontend/client/src/form.js
FN:17,create
FN:19,getDomainId
FN:23,getCollectionId
FN:27,saveAs
FN:50,(anonymous_4)
FN:55,replace
FN:57,(anonymous_6)
FN:71,patch
FN:73,(anonymous_8)
FN:87,remove
FN:88,(anonymous_10)
FN:93,getACL
FN:94,(anonymous_12)
FN:99,replaceACL
FN:100,(anonymous_14)
FN:105,patchACL
FN:106,(anonymous_16)
FN:111,removePermissionSubject
FN:112,(anonymous_18)
FN:117,getFormId
FN:123,constructor
FNF:21
FNH:0
FNDA:0,create
FNDA:0,getDomainId
FNDA:0,getCollectionId
FNDA:0,saveAs
FNDA:0,(anonymous_4)
FNDA:0,replace
FNDA:0,(anonymous_6)
FNDA:0,patch
FNDA:0,(anonymous_8)
FNDA:0,remove
FNDA:0,(anonymous_10)
FNDA:0,getACL
FNDA:0,(anonymous_12)
FNDA:0,replaceACL
FNDA:0,(anonymous_14)
FNDA:0,patchACL
FNDA:0,(anonymous_16)
FNDA:0,removePermissionSubject
FNDA:0,(anonymous_18)
FNDA:0,getFormId
FNDA:0,constructor
DA:14,1
DA:16,1
DA:18,0
DA:20,0
DA:24,0
DA:30,0
DA:32,0
DA:33,0
DA:34,0
DA:35,0
DA:36,0
DA:37,0
DA:38,0
DA:39,0
DA:40,0
DA:41,0
DA:42,0
DA:43,0
DA:45,0
DA:48,0
DA:49,0
DA:50,0
DA:51,0
DA:56,0
DA:57,0
DA:58,0
DA:60,0
DA:61,0
DA:62,0
DA:66,0
DA:67,0
DA:72,0
DA:73,0
DA:74,0
DA:76,0
DA:77,0
DA:78,0
DA:82,0
DA:83,0
DA:88,0
DA:89,0
DA:94,0
DA:95,0
DA:100,0
DA:101,0
DA:106,0
DA:107,0
DA:112,0
DA:113,0
DA:118,0
DA:124,0
DA:125,0
LF:52
LH:2
BRDA:32,0,0,0
BRDA:32,0,1,0
BRDA:32,1,0,0
BRDA:32,1,1,0
BRDA:36,2,0,0
BRDA:36,2,1,0
BRDA:36,3,0,0
BRDA:36,3,1,0
BRDA:40,4,0,0
BRDA:40,4,1,0
BRDA:40,5,0,0
BRDA:40,5,1,0
BRDA:51,6,0,0
BRDA:51,6,1,0
BRDA:58,7,0,0
BRDA:58,7,1,0
BRDA:61,8,0,0
BRDA:61,8,1,0
BRDA:61,9,0,0
BRDA:61,9,1,0
BRDA:74,10,0,0
BRDA:74,10,1,0
BRDA:77,11,0,0
BRDA:77,11,1,0
BRDA:77,12,0,0
BRDA:77,12,1,0
BRF:26
BRH:0
end_of_record
TN:
SF:/home/fourbroad/notesabc/frontend/client/src/collection.js
FN:20,create
FN:22,getDomainId
FN:26,getCollectionId
FN:30,saveAs
FN:54,(anonymous_4)
FN:59,createDocument
FN:75,(anonymous_6)
FN:80,getDocument
FN:82,(anonymous_8)
FN:87,replace
FN:90,(anonymous_10)
FN:104,patch
FN:107,(anonymous_12)
FN:122,remove
FN:123,(anonymous_14)
FN:128,getACL
FN:129,(anonymous_16)
FN:134,replaceACL
FN:135,(anonymous_18)
FN:140,patchACL
FN:141,(anonymous_20)
FN:146,removePermissionSubject
FN:147,(anonymous_22)
FN:152,findDocuments
FN:154,(anonymous_24)
FN:157,(anonymous_25)
FN:165,findForms
FN:167,(anonymous_27)
FN:169,(anonymous_28)
FN:176,refresh
FN:177,(anonymous_30)
FN:182,getFormId
FN:187,constructor
FNF:33
FNH:12
FNDA:6,create
FNDA:0,getDomainId
FNDA:0,getCollectionId
FNDA:0,saveAs
FNDA:0,(anonymous_4)
FNDA:4,createDocument
FNDA:4,(anonymous_6)
FNDA:2,getDocument
FNDA:2,(anonymous_8)
FNDA:4,replace
FNDA:4,(anonymous_10)
FNDA:4,patch
FNDA:4,(anonymous_12)
FNDA:4,remove
FNDA:4,(anonymous_14)
FNDA:0,getACL
FNDA:0,(anonymous_16)
FNDA:0,replaceACL
FNDA:0,(anonymous_18)
FNDA:0,patchACL
FNDA:0,(anonymous_20)
FNDA:0,removePermissionSubject
FNDA:0,(anonymous_22)
FNDA:0,findDocuments
FNDA:0,(anonymous_24)
FNDA:0,(anonymous_25)
FNDA:0,findForms
FNDA:0,(anonymous_27)
FNDA:0,(anonymous_28)
FNDA:0,refresh
FNDA:0,(anonymous_30)
FNDA:0,getFormId
FNDA:6,constructor
DA:17,1
DA:19,1
DA:21,6
DA:23,0
DA:27,0
DA:33,0
DA:35,0
DA:36,0
DA:37,0
DA:38,0
DA:39,0
DA:40,0
DA:41,0
DA:42,0
DA:43,0
DA:44,0
DA:45,0
DA:46,0
DA:48,0
DA:51,0
DA:52,0
DA:54,0
DA:55,0
DA:60,4
DA:63,4
DA:64,0
DA:65,0
DA:66,0
DA:67,4
DA:68,4
DA:69,4
DA:70,4
DA:72,0
DA:75,4
DA:76,4
DA:81,2
DA:82,2
DA:83,2
DA:88,4
DA:89,4
DA:90,4
DA:91,4
DA:93,4
DA:94,78
DA:95,14
DA:99,4
DA:100,4
DA:105,4
DA:106,4
DA:107,4
DA:108,4
DA:110,4
DA:111,75
DA:112,11
DA:116,4
DA:118,4
DA:123,4
DA:124,4
DA:129,0
DA:130,0
DA:135,0
DA:136,0
DA:141,0
DA:142,0
DA:147,0
DA:148,0
DA:153,0
DA:154,0
DA:155,0
DA:157,0
DA:158,0
DA:161,0
DA:166,0
DA:167,0
DA:168,0
DA:169,0
DA:170,0
DA:172,0
DA:177,0
DA:178,0
DA:183,0
DA:188,6
DA:189,6
LF:83
LH:36
BRDA:35,0,0,0
BRDA:35,0,1,0
BRDA:35,1,0,0
BRDA:35,1,1,0
BRDA:39,2,0,0
BRDA:39,2,1,0
BRDA:39,3,0,0
BRDA:39,3,1,0
BRDA:43,4,0,0
BRDA:43,4,1,0
BRDA:43,5,0,0
BRDA:43,5,1,0
BRDA:55,6,0,0
BRDA:55,6,1,0
BRDA:63,7,0,0
BRDA:63,7,1,4
BRDA:63,8,0,4
BRDA:63,8,1,0
BRDA:67,9,0,4
BRDA:67,9,1,0
BRDA:67,10,0,4
BRDA:67,10,1,4
BRDA:76,11,0,0
BRDA:76,11,1,4
BRDA:83,12,0,0
BRDA:83,12,1,2
BRDA:91,13,0,0
BRDA:91,13,1,4
BRDA:94,14,0,14
BRDA:94,14,1,64
BRDA:94,15,0,78
BRDA:94,15,1,14
BRDA:108,16,0,0
BRDA:108,16,1,4
BRDA:111,17,0,11
BRDA:111,17,1,64
BRDA:111,18,0,75
BRDA:111,18,1,11
BRDA:155,19,0,0
BRDA:155,19,1,0
BRDA:168,20,0,0
BRDA:168,20,1,0
BRF:42
BRH:17
end_of_record
TN:
SF:/home/fourbroad/notesabc/frontend/client/src/view.js
FN:18,create
FN:20,getDomainId
FN:24,getCollectionId
FN:28,saveAs
FN:51,(anonymous_4)
FN:56,replace
FN:58,(anonymous_6)
FN:72,patch
FN:74,(anonymous_8)
FN:88,remove
FN:89,(anonymous_10)
FN:94,getACL
FN:95,(anonymous_12)
FN:100,replaceACL
FN:101,(anonymous_14)
FN:106,patchACL
FN:107,(anonymous_16)
FN:112,removePermissionSubject
FN:113,(anonymous_18)
FN:118,findDocuments
FN:120,(anonymous_20)
FN:123,(anonymous_21)
FN:131,refresh
FN:132,(anonymous_23)
FN:137,getFormId
FN:143,constructor
FNF:26
FNH:0
FNDA:0,create
FNDA:0,getDomainId
FNDA:0,getCollectionId
FNDA:0,saveAs
FNDA:0,(anonymous_4)
FNDA:0,replace
FNDA:0,(anonymous_6)
FNDA:0,patch
FNDA:0,(anonymous_8)
FNDA:0,remove
FNDA:0,(anonymous_10)
FNDA:0,getACL
FNDA:0,(anonymous_12)
FNDA:0,replaceACL
FNDA:0,(anonymous_14)
FNDA:0,patchACL
FNDA:0,(anonymous_16)
FNDA:0,removePermissionSubject
FNDA:0,(anonymous_18)
FNDA:0,findDocuments
FNDA:0,(anonymous_20)
FNDA:0,(anonymous_21)
FNDA:0,refresh
FNDA:0,(anonymous_23)
FNDA:0,getFormId
FNDA:0,constructor
DA:15,1
DA:17,1
DA:19,0
DA:21,0
DA:25,0
DA:31,0
DA:33,0
DA:34,0
DA:35,0
DA:36,0
DA:37,0
DA:38,0
DA:39,0
DA:40,0
DA:41,0
DA:42,0
DA:43,0
DA:44,0
DA:46,0
DA:49,0
DA:50,0
DA:51,0
DA:52,0
DA:57,0
DA:58,0
DA:59,0
DA:61,0
DA:62,0
DA:63,0
DA:67,0
DA:68,0
DA:73,0
DA:74,0
DA:75,0
DA:77,0
DA:78,0
DA:79,0
DA:83,0
DA:84,0
DA:89,0
DA:90,0
DA:95,0
DA:96,0
DA:101,0
DA:102,0
DA:107,0
DA:108,0
DA:113,0
DA:114,0
DA:119,0
DA:120,0
DA:121,0
DA:123,0
DA:124,0
DA:127,0
DA:132,0
DA:133,0
DA:138,0
DA:144,0
DA:145,0
LF:60
LH:2
BRDA:33,0,0,0
BRDA:33,0,1,0
BRDA:33,1,0,0
BRDA:33,1,1,0
BRDA:37,2,0,0
BRDA:37,2,1,0
BRDA:37,3,0,0
BRDA:37,3,1,0
BRDA:41,4,0,0
BRDA:41,4,1,0
BRDA:41,5,0,0
BRDA:41,5,1,0
BRDA:52,6,0,0
BRDA:52,6,1,0
BRDA:59,7,0,0
BRDA:59,7,1,0
BRDA:62,8,0,0
BRDA:62,8,1,0
BRDA:62,9,0,0
BRDA:62,9,1,0
BRDA:75,10,0,0
BRDA:75,10,1,0
BRDA:78,11,0,0
BRDA:78,11,1,0
BRDA:78,12,0,0
BRDA:78,12,1,0
BRDA:121,13,0,0
BRDA:121,13,1,0
BRF:28
BRH:0
end_of_record
TN:
SF:/home/fourbroad/notesabc/frontend/client/src/profile.js
FN:17,create
FN:19,getDomainId
FN:23,getCollectionId
FN:27,replace
FN:29,(anonymous_4)
FN:43,patch
FN:45,(anonymous_6)
FN:59,remove
FN:60,(anonymous_8)
FN:65,getACL
FN:66,(anonymous_10)
FN:71,replaceACL
FN:72,(anonymous_12)
FN:77,patchACL
FN:78,(anonymous_14)
FN:83,removePermissionSubject
FN:84,(anonymous_16)
FN:89,getFormId
FN:95,constructor
FNF:19
FNH:0
FNDA:0,create
FNDA:0,getDomainId
FNDA:0,getCollectionId
FNDA:0,replace
FNDA:0,(anonymous_4)
FNDA:0,patch
FNDA:0,(anonymous_6)
FNDA:0,remove
FNDA:0,(anonymous_8)
FNDA:0,getACL
FNDA:0,(anonymous_10)
FNDA:0,replaceACL
FNDA:0,(anonymous_12)
FNDA:0,patchACL
FNDA:0,(anonymous_14)
FNDA:0,removePermissionSubject
FNDA:0,(anonymous_16)
FNDA:0,getFormId
FNDA:0,constructor
DA:14,1
DA:16,1
DA:18,0
DA:20,0
DA:24,0
DA:28,0
DA:29,0
DA:30,0
DA:32,0
DA:33,0
DA:34,0
DA:38,0
DA:39,0
DA:44,0
DA:45,0
DA:46,0
DA:48,0
DA:49,0
DA:50,0
DA:54,0
DA:55,0
DA:60,0
DA:61,0
DA:66,0
DA:67,0
DA:72,0
DA:73,0
DA:78,0
DA:79,0
DA:84,0
DA:85,0
DA:90,0
DA:96,0
DA:97,0
LF:34
LH:2
BRDA:30,0,0,0
BRDA:30,0,1,0
BRDA:33,1,0,0
BRDA:33,1,1,0
BRDA:33,2,0,0
BRDA:33,2,1,0
BRDA:46,3,0,0
BRDA:46,3,1,0
BRDA:49,4,0,0
BRDA:49,4,1,0
BRDA:49,5,0,0
BRDA:49,5,1,0
BRF:12
BRH:0
end_of_record
TN:
SF:/home/fourbroad/notesabc/frontend/client/src/role.js
FN:17,create
FN:19,getDomainId
FN:23,getCollectionId
FN:27,saveAs
FN:31,(anonymous_4)
FN:36,replace
FN:38,(anonymous_6)
FN:52,patch
FN:54,(anonymous_8)
FN:68,remove
FN:69,(anonymous_10)
FN:74,getACL
FN:75,(anonymous_12)
FN:80,replaceACL
FN:81,(anonymous_14)
FN:86,patchACL
FN:87,(anonymous_16)
FN:92,removePermissionSubject
FN:93,(anonymous_18)
FN:98,getFormId
FN:104,constructor
FNF:21
FNH:0
FNDA:0,create
FNDA:0,getDomainId
FNDA:0,getCollectionId
FNDA:0,saveAs
FNDA:0,(anonymous_4)
FNDA:0,replace
FNDA:0,(anonymous_6)
FNDA:0,patch
FNDA:0,(anonymous_8)
FNDA:0,remove
FNDA:0,(anonymous_10)
FNDA:0,getACL
FNDA:0,(anonymous_12)
FNDA:0,replaceACL
FNDA:0,(anonymous_14)
FNDA:0,patchACL
FNDA:0,(anonymous_16)
FNDA:0,removePermissionSubject
FNDA:0,(anonymous_18)
FNDA:0,getFormId
FNDA:0,constructor
DA:14,1
DA:16,1
DA:18,0
DA:20,0
DA:24,0
DA:28,0
DA:29,0
DA:30,0
DA:31,0
DA:32,0
DA:37,0
DA:38,0
DA:39,0
DA:41,0
DA:42,0
DA:43,0
DA:47,0
DA:48,0
DA:53,0
DA:54,0
DA:55,0
DA:57,0
DA:58,0
DA:59,0
DA:63,0
DA:64,0
DA:69,0
DA:70,0
DA:75,0
DA:76,0
DA:81,0
DA:82,0
DA:87,0
DA:88,0
DA:93,0
DA:94,0
DA:99,0
DA:105,0
DA:106,0
LF:39
LH:2
BRDA:32,0,0,0
BRDA:32,0,1,0
BRDA:39,1,0,0
BRDA:39,1,1,0
BRDA:42,2,0,0
BRDA:42,2,1,0
BRDA:42,3,0,0
BRDA:42,3,1,0
BRDA:55,4,0,0
BRDA:55,4,1,0
BRDA:58,5,0,0
BRDA:58,5,1,0
BRDA:58,6,0,0
BRDA:58,6,1,0
BRF:14
BRH:0
end_of_record
TN:
SF:/home/fourbroad/notesabc/frontend/client/src/user.js
FN:17,create
FN:19,getDomainId
FN:23,getCollectionId
FN:27,isAnonymous
FN:31,replace
FN:33,(anonymous_5)
FN:47,patch
FN:49,(anonymous_7)
FN:63,remove
FN:64,(anonymous_9)
FN:69,resetPassword
FN:70,(anonymous_11)
FN:75,getACL
FN:76,(anonymous_13)
FN:81,replaceACL
FN:82,(anonymous_15)
FN:87,patchACL
FN:88,(anonymous_17)
FN:93,removePermissionSubject
FN:94,(anonymous_19)
FN:99,getFormId
FN:105,constructor
FNF:22
FNH:10
FNDA:11,create
FNDA:0,getDomainId
FNDA:0,getCollectionId
FNDA:0,isAnonymous
FNDA:2,replace
FNDA:2,(anonymous_5)
FNDA:2,patch
FNDA:2,(anonymous_7)
FNDA:2,remove
FNDA:2,(anonymous_9)
FNDA:1,resetPassword
FNDA:1,(anonymous_11)
FNDA:0,getACL
FNDA:0,(anonymous_13)
FNDA:0,replaceACL
FNDA:0,(anonymous_15)
FNDA:0,patchACL
FNDA:0,(anonymous_17)
FNDA:0,removePermissionSubject
FNDA:0,(anonymous_19)
FNDA:0,getFormId
FNDA:11,constructor
DA:14,1
DA:16,1
DA:18,11
DA:20,0
DA:24,0
DA:28,0
DA:32,2
DA:33,2
DA:34,2
DA:36,2
DA:37,30
DA:38,6
DA:42,2
DA:43,2
DA:48,2
DA:49,2
DA:50,2
DA:52,2
DA:53,29
DA:54,5
DA:58,2
DA:59,2
DA:64,2
DA:65,2
DA:70,1
DA:71,1
DA:76,0
DA:77,0
DA:82,0
DA:83,0
DA:88,0
DA:89,0
DA:94,0
DA:95,0
DA:100,0
DA:106,11
DA:107,11
LF:37
LH:25
BRDA:34,0,0,0
BRDA:34,0,1,2
BRDA:37,1,0,6
BRDA:37,1,1,24
BRDA:37,2,0,30
BRDA:37,2,1,6
BRDA:50,3,0,0
BRDA:50,3,1,2
BRDA:53,4,0,5
BRDA:53,4,1,24
BRDA:53,5,0,29
BRDA:53,5,1,5
BRF:12
BRH:10
end_of_record
TN:
SF:/home/fourbroad/notesabc/frontend/client/src/domain.js
FN:25,create
FN:28,getDomainId
FN:32,getCollectionId
FN:36,saveAs
FN:54,(anonymous_4)
FN:59,createCollection
FN:75,(anonymous_6)
FN:80,getCollection
FN:82,(anonymous_8)
FN:87,findCollections
FN:89,(anonymous_10)
FN:91,(anonymous_11)
FN:99,getDocument
FN:101,(anonymous_13)
FN:133,createView
FN:149,(anonymous_15)
FN:154,getView
FN:156,(anonymous_17)
FN:161,findViews
FN:163,(anonymous_19)
FN:165,(anonymous_20)
FN:172,createForm
FN:188,(anonymous_22)
FN:193,getForm
FN:195,(anonymous_24)
FN:200,findForms
FN:202,(anonymous_26)
FN:204,(anonymous_27)
FN:211,createRole
FN:213,(anonymous_29)
FN:218,getRole
FN:220,(anonymous_31)
FN:225,findRoles
FN:227,(anonymous_33)
FN:229,(anonymous_34)
FN:237,createProfile
FN:251,(anonymous_36)
FN:256,getProfile
FN:258,(anonymous_38)
FN:263,findProfiles
FN:265,(anonymous_40)
FN:267,(anonymous_41)
FN:275,createUser
FN:276,(anonymous_43)
FN:281,getUser
FN:282,(anonymous_45)
FN:287,findUsers
FN:288,(anonymous_47)
FN:290,(anonymous_48)
FN:298,createDomain
FN:299,(anonymous_50)
FN:304,getDomain
FN:305,(anonymous_52)
FN:310,findDomains
FN:311,(anonymous_54)
FN:313,(anonymous_55)
FN:320,replace
FN:323,(anonymous_57)
FN:337,patch
FN:340,(anonymous_59)
FN:354,remove
FN:355,(anonymous_61)
FN:360,getACL
FN:361,(anonymous_63)
FN:366,replaceACL
FN:367,(anonymous_65)
FN:372,patchACL
FN:373,(anonymous_67)
FN:378,garbageCollection
FN:379,(anonymous_69)
FN:384,getFormId
FN:390,constructor
FNF:72
FNH:14
FNDA:11,create
FNDA:0,getDomainId
FNDA:0,getCollectionId
FNDA:0,saveAs
FNDA:0,(anonymous_4)
FNDA:4,createCollection
FNDA:4,(anonymous_6)
FNDA:2,getCollection
FNDA:2,(anonymous_8)
FNDA:0,findCollections
FNDA:0,(anonymous_10)
FNDA:0,(anonymous_11)
FNDA:0,getDocument
FNDA:0,(anonymous_13)
FNDA:0,createView
FNDA:0,(anonymous_15)
FNDA:0,getView
FNDA:0,(anonymous_17)
FNDA:0,findViews
FNDA:0,(anonymous_19)
FNDA:0,(anonymous_20)
FNDA:0,createForm
FNDA:0,(anonymous_22)
FNDA:0,getForm
FNDA:0,(anonymous_24)
FNDA:0,findForms
FNDA:0,(anonymous_26)
FNDA:0,(anonymous_27)
FNDA:0,createRole
FNDA:0,(anonymous_29)
FNDA:0,getRole
FNDA:0,(anonymous_31)
FNDA:0,findRoles
FNDA:0,(anonymous_33)
FNDA:0,(anonymous_34)
FNDA:0,createProfile
FNDA:0,(anonymous_36)
FNDA:0,getProfile
FNDA:0,(anonymous_38)
FNDA:0,findProfiles
FNDA:0,(anonymous_40)
FNDA:0,(anonymous_41)
FNDA:0,createUser
FNDA:0,(anonymous_43)
FNDA:0,getUser
FNDA:0,(anonymous_45)
FNDA:0,findUsers
FNDA:0,(anonymous_47)
FNDA:0,(anonymous_48)
FNDA:0,createDomain
FNDA:0,(anonymous_50)
FNDA:0,getDomain
FNDA:0,(anonymous_52)
FNDA:0,findDomains
FNDA:0,(anonymous_54)
FNDA:0,(anonymous_55)
FNDA:4,replace
FNDA:4,(anonymous_57)
FNDA:4,patch
FNDA:4,(anonymous_59)
FNDA:3,remove
FNDA:3,(anonymous_61)
FNDA:0,getACL
FNDA:0,(anonymous_63)
FNDA:0,replaceACL
FNDA:0,(anonymous_65)
FNDA:0,patchACL
FNDA:0,(anonymous_67)
FNDA:9,garbageCollection
FNDA:9,(anonymous_69)
FNDA:0,getFormId
FNDA:11,constructor
DA:22,1
DA:24,1
DA:26,11
DA:29,0
DA:33,0
DA:39,0
DA:40,0
DA:41,0
DA:42,0
DA:43,0
DA:44,0
DA:45,0
DA:46,0
DA:47,0
DA:49,0
DA:52,0
DA:53,0
DA:54,0
DA:55,0
DA:60,4
DA:63,4
DA:64,0
DA:65,0
DA:66,0
DA:67,4
DA:68,4
DA:69,4
DA:70,4
DA:72,0
DA:75,4
DA:76,4
DA:81,2
DA:82,2
DA:83,2
DA:88,0
DA:89,0
DA:90,0
DA:91,0
DA:92,0
DA:95,0
DA:100,0
DA:101,0
DA:102,0
DA:104,0
DA:106,0
DA:107,0
DA:109,0
DA:110,0
DA:112,0
DA:113,0
DA:115,0
DA:116,0
DA:118,0
DA:119,0
DA:121,0
DA:122,0
DA:124,0
DA:125,0
DA:127,0
DA:128,0
DA:134,0
DA:137,0
DA:138,0
DA:139,0
DA:140,0
DA:141,0
DA:142,0
DA:143,0
DA:144,0
DA:146,0
DA:149,0
DA:150,0
DA:155,0
DA:156,0
DA:157,0
DA:162,0
DA:163,0
DA:164,0
DA:165,0
DA:166,0
DA:168,0
DA:173,0
DA:176,0
DA:177,0
DA:178,0
DA:179,0
DA:180,0
DA:181,0
DA:182,0
DA:183,0
DA:185,0
DA:188,0
DA:189,0
DA:194,0
DA:195,0
DA:196,0
DA:201,0
DA:202,0
DA:203,0
DA:204,0
DA:205,0
DA:207,0
DA:212,0
DA:213,0
DA:214,0
DA:219,0
DA:220,0
DA:221,0
DA:226,0
DA:227,0
DA:228,0
DA:229,0
DA:230,0
DA:233,0
DA:238,0
DA:239,0
DA:240,0
DA:241,0
DA:242,0
DA:243,0
DA:244,0
DA:245,0
DA:246,0
DA:248,0
DA:251,0
DA:252,0
DA:257,0
DA:258,0
DA:259,0
DA:264,0
DA:265,0
DA:266,0
DA:267,0
DA:268,0
DA:271,0
DA:276,0
DA:277,0
DA:282,0
DA:283,0
DA:288,0
DA:289,0
DA:290,0
DA:291,0
DA:294,0
DA:299,0
DA:300,0
DA:305,0
DA:306,0
DA:311,0
DA:312,0
DA:313,0
DA:314,0
DA:316,0
DA:321,4
DA:322,4
DA:323,4
DA:324,4
DA:326,4
DA:327,142
DA:328,10
DA:332,4
DA:333,4
DA:338,4
DA:339,4
DA:340,4
DA:341,4
DA:343,4
DA:344,142
DA:345,10
DA:349,4
DA:350,4
DA:355,3
DA:356,3
DA:361,0
DA:362,0
DA:367,0
DA:368,0
DA:373,0
DA:374,0
DA:379,9
DA:380,9
DA:385,0
DA:391,11
DA:392,11
LF:184
LH:38
BRDA:40,0,0,0
BRDA:40,0,1,0
BRDA:40,1,0,0
BRDA:40,1,1,0
BRDA:44,2,0,0
BRDA:44,2,1,0
BRDA:44,3,0,0
BRDA:44,3,1,0
BRDA:55,4,0,0
BRDA:55,4,1,0
BRDA:63,5,0,0
BRDA:63,5,1,4
BRDA:63,6,0,4
BRDA:63,6,1,0
BRDA:67,7,0,4
BRDA:67,7,1,0
BRDA:67,8,0,4
BRDA:67,8,1,4
BRDA:76,9,0,0
BRDA:76,9,1,4
BRDA:83,10,0,0
BRDA:83,10,1,2
BRDA:90,11,0,0
BRDA:90,11,1,0
BRDA:102,12,0,0
BRDA:102,12,1,0
BRDA:104,13,0,0
BRDA:104,13,1,0
BRDA:104,13,2,0
BRDA:104,13,3,0
BRDA:104,13,4,0
BRDA:104,13,5,0
BRDA:104,13,6,0
BRDA:104,13,7,0
BRDA:137,14,0,0
BRDA:137,14,1,0
BRDA:137,15,0,0
BRDA:137,15,1,0
BRDA:141,16,0,0
BRDA:141,16,1,0
BRDA:141,17,0,0
BRDA:141,17,1,0
BRDA:150,18,0,0
BRDA:150,18,1,0
BRDA:157,19,0,0
BRDA:157,19,1,0
BRDA:164,20,0,0
BRDA:164,20,1,0
BRDA:176,21,0,0
BRDA:176,21,1,0
BRDA:176,22,0,0
BRDA:176,22,1,0
BRDA:180,23,0,0
BRDA:180,23,1,0
BRDA:180,24,0,0
BRDA:180,24,1,0
BRDA:189,25,0,0
BRDA:189,25,1,0
BRDA:196,26,0,0
BRDA:196,26,1,0
BRDA:203,27,0,0
BRDA:203,27,1,0
BRDA:214,28,0,0
BRDA:214,28,1,0
BRDA:221,29,0,0
BRDA:221,29,1,0
BRDA:228,30,0,0
BRDA:228,30,1,0
BRDA:239,31,0,0
BRDA:239,31,1,0
BRDA:239,32,0,0
BRDA:239,32,1,0
BRDA:243,33,0,0
BRDA:243,33,1,0
BRDA:243,34,0,0
BRDA:243,34,1,0
BRDA:252,35,0,0
BRDA:252,35,1,0
BRDA:259,36,0,0
BRDA:259,36,1,0
BRDA:266,37,0,0
BRDA:266,37,1,0
BRDA:277,38,0,0
BRDA:277,38,1,0
BRDA:283,39,0,0
BRDA:283,39,1,0
BRDA:289,40,0,0
BRDA:289,40,1,0
BRDA:300,41,0,0
BRDA:300,41,1,0
BRDA:306,42,0,0
BRDA:306,42,1,0
BRDA:312,43,0,0
BRDA:312,43,1,0
BRDA:324,44,0,0
BRDA:324,44,1,4
BRDA:327,45,0,10
BRDA:327,45,1,132
BRDA:327,46,0,142
BRDA:327,46,1,10
BRDA:341,47,0,0
BRDA:341,47,1,4
BRDA:344,48,0,10
BRDA:344,48,1,132
BRDA:344,49,0,142
BRDA:344,49,1,10
BRF:106
BRH:17
end_of_record
TN:
SF:/home/fourbroad/notesabc/frontend/client/src/client.js
FN:22,_createClient
FN:24,getCurrentUser
FN:28,getToken
FN:32,registerUser
FN:36,createUser
FN:37,(anonymous_5)
FN:42,getUser
FN:43,(anonymous_7)
FN:48,logout
FN:49,(anonymous_9)
FN:55,joinDomain
FN:59,quitDomain
FN:63,createDomain
FN:64,(anonymous_13)
FN:69,getDomain
FN:81,(anonymous_15)
FN:86,disconnect
FN:94,login
FN:107,(anonymous_18)
FN:112,(anonymous_19)
FN:116,(anonymous_20)
FN:125,connect
FN:127,(anonymous_22)
FN:128,(anonymous_23)
FNF:24
FNH:17
FNDA:8,_createClient
FNDA:0,getCurrentUser
FNDA:0,getToken
FNDA:1,registerUser
FNDA:1,createUser
FNDA:1,(anonymous_5)
FNDA:2,getUser
FNDA:2,(anonymous_7)
FNDA:2,logout
FNDA:2,(anonymous_9)
FNDA:1,joinDomain
FNDA:0,quitDomain
FNDA:3,createDomain
FNDA:3,(anonymous_13)
FNDA:8,getDomain
FNDA:8,(anonymous_15)
FNDA:0,disconnect
FNDA:8,login
FNDA:8,(anonymous_18)
FNDA:8,(anonymous_19)
FNDA:8,(anonymous_20)
FNDA:0,connect
FNDA:0,(anonymous_22)
FNDA:0,(anonymous_23)
DA:18,1
DA:22,1
DA:23,8
DA:25,0
DA:29,0
DA:33,1
DA:37,1
DA:38,1
DA:43,2
DA:44,2
DA:49,2
DA:50,2
DA:51,2
DA:56,1
DA:60,0
DA:64,3
DA:65,3
DA:71,8
DA:72,0
DA:73,0
DA:74,8
DA:75,8
DA:76,8
DA:78,0
DA:81,8
DA:82,8
DA:87,0
DA:91,8
DA:94,1
DA:96,8
DA:97,0
DA:98,8
DA:99,8
DA:100,8
DA:101,8
DA:103,0
DA:106,8
DA:107,8
DA:108,8
DA:109,0
DA:110,0
DA:112,8
DA:114,8
DA:115,8
DA:116,8
DA:117,8
DA:119,8
DA:125,1
DA:126,0
DA:127,0
DA:128,0
DA:129,0
LF:52
LH:37
BRDA:38,0,0,0
BRDA:38,0,1,1
BRDA:44,1,0,0
BRDA:44,1,1,2
BRDA:51,2,0,2
BRDA:51,2,1,0
BRDA:65,3,0,0
BRDA:65,3,1,3
BRDA:71,4,0,0
BRDA:71,4,1,8
BRDA:71,5,0,8
BRDA:71,5,1,0
BRDA:74,6,0,8
BRDA:74,6,1,0
BRDA:74,7,0,8
BRDA:74,7,1,8
BRDA:82,8,0,0
BRDA:82,8,1,8
BRDA:96,9,0,0
BRDA:96,9,1,8
BRDA:96,10,0,8
BRDA:96,10,1,0
BRDA:98,11,0,8
BRDA:98,11,1,0
BRDA:98,12,0,8
BRDA:98,12,1,8
BRDA:108,13,0,0
BRDA:108,13,1,8
BRDA:114,14,0,0
BRDA:114,14,1,8
BRDA:129,15,0,0
BRDA:129,15,1,0
BRF:32
BRH:17
end_of_record
